2022-08-10 10:24:54.2155 INFO You just searched pizza.
2022-08-10 10:27:51.7004 INFO Apple pencil has been added!
2022-08-10 10:30:00.9103 INFO Iphone 11 has been added!
2022-08-10 10:30:31.3418 INFO You just searched iphone.
2022-08-10 10:33:15.4531 INFO Water bottle  has been added!
2022-08-10 10:47:24.5515 INFO QC 35 noise cancelling headphone has been added!
2022-08-10 10:49:20.5472 INFO QC 35 noise cancelling headphone has been added!
2022-08-10 10:50:26.3307 INFO Test has been added!
2022-08-10 10:54:09.5714 INFO test has been added!
2022-08-10 10:54:15.0841 WARN test                 with id:4 has been deleted!
2022-08-10 10:54:45.2692 INFO tst has been added!
2022-08-10 10:54:51.4493 WARN tst                  with id:5 has been deleted!
2022-08-10 10:55:34.9542 INFO QC 35 noise Cancelling phone  has been added!
2022-08-10 10:55:54.7462 INFO fda has been added!
2022-08-10 10:56:23.8192 INFO QC 35 has been added!
2022-08-10 10:56:45.7393 INFO You just searched headphone.
2022-08-10 10:56:54.1622 INFO You just searched qc.
2022-08-10 14:40:35.8473 INFO Airpods 2 has been added!
2022-08-10 16:29:19.1971 WARN fda                  with id:7 has been deleted!
2022-08-10 16:41:24.2270 INFO Thermos food flask has been added!
2022-08-10 16:41:36.9599 INFO You just searched the.
