2023-01-11 11:58:48.6338 INFO Insta360 Air has been added!
2023-01-11 11:59:57.3300 INFO You just searched ins.
2023-01-11 12:00:06.9442 INFO You just searched .
2023-01-11 12:00:55.0733 INFO Alienware X15 R2 has been added!
2023-01-11 12:01:05.9399 INFO You just searched 5.
2023-01-11 12:02:15.8166 INFO Headphone Stand has been added!
2023-01-11 12:12:10.4799 INFO Loctek Home & Office All-in-One Standing has been added!
2023-01-11 12:14:05.1689 INFO Loctek Home All-in-One Standing Desk has been added!
2023-01-11 12:15:01.8085 INFO Loctek Home Standing Desk has been added!
2023-01-11 12:15:15.5995 INFO The info of Airpods 2            has been updated.
2023-01-11 12:17:05.5188 INFO You just searched 615.
2023-01-11 12:17:11.8982 INFO You just searched 5.
2023-01-11 15:10:45.9322 INFO Test has been added!
2023-01-11 15:13:59.7749 INFO Filco keyboard has been added!
2023-01-11 15:14:10.2099 WARN Test                 with id:17 has been deleted!
2023-01-11 15:45:20.5232 INFO You just searched filco.
2023-01-11 15:45:32.5776 INFO You just searched gen.
2023-01-11 15:46:55.4519 INFO You just searched gen.
2023-01-11 15:47:49.7168 INFO You just searched gen.
2023-01-11 15:47:57.3203 INFO You just searched gen.
2023-01-11 15:48:05.5218 INFO You just searched gen.
